{"/home/khadka_angkit/Computer Programming/Web Development/Node.js/Restaurant Api/src/app.ts": {"path":"/home/khadka_angkit/Computer Programming/Web Development/Node.js/Restaurant Api/src/app.ts","statementMap":{"0":{"start":{"line":1,"column":0},"end":{"line":1,"column":30}},"1":{"start":{"line":2,"column":0},"end":{"line":2,"column":41}},"2":{"start":{"line":3,"column":0},"end":{"line":3,"column":46}},"3":{"start":{"line":4,"column":0},"end":{"line":4,"column":48}},"4":{"start":{"line":5,"column":0},"end":{"line":5,"column":60}},"5":{"start":{"line":7,"column":12},"end":{"line":7,"column":21}},"6":{"start":{"line":10,"column":0},"end":{"line":10,"column":24}},"7":{"start":{"line":11,"column":0},"end":{"line":15,"column":2}},"8":{"start":{"line":16,"column":0},"end":{"line":16,"column":24}},"9":{"start":{"line":19,"column":0},"end":{"line":19,"column":29}},"10":{"start":{"line":21,"column":0},"end":{"line":21,"column":31}},"11":{"start":{"line":22,"column":0},"end":{"line":22,"column":43}},"12":{"start":{"line":26,"column":0},"end":{"line":26,"column":19}}},"fnMap":{},"branchMap":{},"s":{"0":3,"1":3,"2":3,"3":3,"4":3,"5":3,"6":3,"7":3,"8":3,"9":3,"10":3,"11":3,"12":3},"f":{},"b":{}}
,"/home/khadka_angkit/Computer Programming/Web Development/Node.js/Restaurant Api/src/Routes/reservation.routes.ts": {"path":"/home/khadka_angkit/Computer Programming/Web Development/Node.js/Restaurant Api/src/Routes/reservation.routes.ts","statementMap":{"0":{"start":{"line":1,"column":0},"end":{"line":1,"column":33}},"1":{"start":{"line":2,"column":0},"end":{"line":2,"column":null}},"2":{"start":{"line":8,"column":0},"end":{"line":8,"column":null}},"3":{"start":{"line":14,"column":0},"end":{"line":14,"column":59}},"4":{"start":{"line":17,"column":15},"end":{"line":17,"column":23}},"5":{"start":{"line":19,"column":0},"end":{"line":21,"column":3}},"6":{"start":{"line":20,"column":2},"end":{"line":20,"column":35}},"7":{"start":{"line":23,"column":0},"end":{"line":28,"column":2}},"8":{"start":{"line":30,"column":0},"end":{"line":35,"column":2}},"9":{"start":{"line":37,"column":0},"end":{"line":42,"column":2}},"10":{"start":{"line":44,"column":0},"end":{"line":49,"column":2}},"11":{"start":{"line":51,"column":0},"end":{"line":56,"column":2}},"12":{"start":{"line":58,"column":0},"end":{"line":58,"column":22}}},"fnMap":{"0":{"name":"(anonymous_0)","decl":{"start":{"line":19,"column":47},"end":{"line":19,"column":48}},"loc":{"start":{"line":19,"column":60},"end":{"line":21,"column":1}}}},"branchMap":{},"s":{"0":3,"1":3,"2":3,"3":3,"4":3,"5":3,"6":1,"7":3,"8":3,"9":3,"10":3,"11":3,"12":3},"f":{"0":1},"b":{}}
,"/home/khadka_angkit/Computer Programming/Web Development/Node.js/Restaurant Api/src/Routes/user.routes.ts": {"path":"/home/khadka_angkit/Computer Programming/Web Development/Node.js/Restaurant Api/src/Routes/user.routes.ts","statementMap":{"0":{"start":{"line":1,"column":0},"end":{"line":1,"column":49}},"1":{"start":{"line":2,"column":0},"end":{"line":2,"column":null}},"2":{"start":{"line":12,"column":0},"end":{"line":12,"column":null}},"3":{"start":{"line":21,"column":0},"end":{"line":21,"column":71}},"4":{"start":{"line":22,"column":0},"end":{"line":22,"column":59}},"5":{"start":{"line":24,"column":15},"end":{"line":24,"column":23}},"6":{"start":{"line":26,"column":0},"end":{"line":26,"column":73}},"7":{"start":{"line":28,"column":0},"end":{"line":28,"column":77}},"8":{"start":{"line":30,"column":0},"end":{"line":35,"column":2}},"9":{"start":{"line":37,"column":0},"end":{"line":42,"column":2}},"10":{"start":{"line":44,"column":0},"end":{"line":49,"column":2}},"11":{"start":{"line":51,"column":0},"end":{"line":56,"column":2}},"12":{"start":{"line":58,"column":0},"end":{"line":63,"column":2}},"13":{"start":{"line":65,"column":0},"end":{"line":70,"column":2}},"14":{"start":{"line":72,"column":0},"end":{"line":72,"column":60}},"15":{"start":{"line":73,"column":0},"end":{"line":73,"column":32}},"16":{"start":{"line":74,"column":0},"end":{"line":74,"column":49}},"17":{"start":{"line":76,"column":0},"end":{"line":76,"column":36}},"18":{"start":{"line":78,"column":0},"end":{"line":78,"column":22}}},"fnMap":{},"branchMap":{},"s":{"0":3,"1":3,"2":3,"3":3,"4":3,"5":3,"6":3,"7":3,"8":3,"9":3,"10":3,"11":3,"12":3,"13":3,"14":3,"15":3,"16":3,"17":3,"18":3},"f":{},"b":{}}
,"/home/khadka_angkit/Computer Programming/Web Development/Node.js/Restaurant Api/src/Utils/jwt.ts": {"path":"/home/khadka_angkit/Computer Programming/Web Development/Node.js/Restaurant Api/src/Utils/jwt.ts","statementMap":{"0":{"start":{"line":1,"column":0},"end":{"line":1,"column":31}},"1":{"start":{"line":5,"column":17},"end":{"line":5,"column":62}},"2":{"start":{"line":6,"column":18},"end":{"line":6,"column":37}},"3":{"start":{"line":7,"column":2},"end":{"line":7,"column":44}},"4":{"start":{"line":9,"column":0},"end":{"line":9,"column":25}}},"fnMap":{"0":{"name":"signToken","decl":{"start":{"line":2,"column":9},"end":{"line":2,"column":18}},"loc":{"start":{"line":4,"column":1},"end":{"line":8,"column":1}}}},"branchMap":{},"s":{"0":1,"1":3,"2":3,"3":3,"4":1},"f":{"0":3},"b":{}}
,"/home/khadka_angkit/Computer Programming/Web Development/Node.js/Restaurant Api/src/controllers/user.controller.ts": {"path":"/home/khadka_angkit/Computer Programming/Web Development/Node.js/Restaurant Api/src/controllers/user.controller.ts","statementMap":{"0":{"start":{"line":1,"column":0},"end":{"line":1,"column":null}},"1":{"start":{"line":21,"column":0},"end":{"line":21,"column":62}},"2":{"start":{"line":32,"column":36},"end":{"line":54,"column":2}},"3":{"start":{"line":35,"column":4},"end":{"line":54,"column":2}},"4":{"start":{"line":36,"column":2},"end":{"line":53,"column":3}},"5":{"start":{"line":37,"column":30},"end":{"line":37,"column":38}},"6":{"start":{"line":39,"column":17},"end":{"line":39,"column":53}},"7":{"start":{"line":42,"column":4},"end":{"line":49,"column":5}},"8":{"start":{"line":43,"column":6},"end":{"line":43,"column":40}},"9":{"start":{"line":45,"column":28},"end":{"line":45,"column":79}},"10":{"start":{"line":46,"column":6},"end":{"line":48,"column":7}},"11":{"start":{"line":47,"column":8},"end":{"line":47,"column":20}},"12":{"start":{"line":51,"column":4},"end":{"line":51,"column":25}},"13":{"start":{"line":52,"column":4},"end":{"line":52,"column":48}},"14":{"start":{"line":32,"column":13},"end":{"line":32,"column":36}},"15":{"start":{"line":62,"column":36},"end":{"line":87,"column":2}},"16":{"start":{"line":65,"column":19},"end":{"line":87,"column":2}},"17":{"start":{"line":66,"column":2},"end":{"line":86,"column":3}},"18":{"start":{"line":67,"column":29},"end":{"line":67,"column":46}},"19":{"start":{"line":69,"column":23},"end":{"line":69,"column":59}},"20":{"start":{"line":70,"column":4},"end":{"line":81,"column":5}},"21":{"start":{"line":71,"column":6},"end":{"line":71,"column":53}},"22":{"start":{"line":73,"column":32},"end":{"line":73,"column":68}},"23":{"start":{"line":74,"column":6},"end":{"line":79,"column":17}},"24":{"start":{"line":80,"column":6},"end":{"line":80,"column":56}},"25":{"start":{"line":84,"column":4},"end":{"line":84,"column":25}},"26":{"start":{"line":85,"column":4},"end":{"line":85,"column":70}},"27":{"start":{"line":62,"column":13},"end":{"line":62,"column":36}},"28":{"start":{"line":89,"column":36},"end":{"line":92,"column":23}},"29":{"start":{"line":92,"column":19},"end":{"line":92,"column":23}},"30":{"start":{"line":89,"column":13},"end":{"line":89,"column":36}},"31":{"start":{"line":94,"column":40},"end":{"line":110,"column":2}},"32":{"start":{"line":97,"column":19},"end":{"line":110,"column":2}},"33":{"start":{"line":99,"column":4},"end":{"line":99,"column":37}},"34":{"start":{"line":102,"column":25},"end":{"line":102,"column":74}},"35":{"start":{"line":103,"column":2},"end":{"line":109,"column":3}},"36":{"start":{"line":104,"column":30},"end":{"line":104,"column":60}},"37":{"start":{"line":105,"column":4},"end":{"line":105,"column":54}},"38":{"start":{"line":106,"column":4},"end":{"line":106,"column":58}},"39":{"start":{"line":108,"column":4},"end":{"line":108,"column":59}},"40":{"start":{"line":94,"column":13},"end":{"line":94,"column":40}},"41":{"start":{"line":112,"column":40},"end":{"line":125,"column":2}},"42":{"start":{"line":112,"column":78},"end":{"line":125,"column":2}},"43":{"start":{"line":113,"column":39},"end":{"line":113,"column":72}},"44":{"start":{"line":114,"column":21},"end":{"line":114,"column":60}},"45":{"start":{"line":115,"column":2},"end":{"line":124,"column":3}},"46":{"start":{"line":116,"column":4},"end":{"line":116,"column":52}},"47":{"start":{"line":117,"column":4},"end":{"line":117,"column":11}},"48":{"start":{"line":119,"column":4},"end":{"line":119,"column":45}},"49":{"start":{"line":120,"column":4},"end":{"line":122,"column":69}},"50":{"start":{"line":123,"column":4},"end":{"line":123,"column":11}},"51":{"start":{"line":112,"column":13},"end":{"line":112,"column":40}},"52":{"start":{"line":127,"column":36},"end":{"line":138,"column":2}},"53":{"start":{"line":130,"column":4},"end":{"line":138,"column":2}},"54":{"start":{"line":131,"column":2},"end":{"line":137,"column":3}},"55":{"start":{"line":132,"column":27},"end":{"line":132,"column":63}},"56":{"start":{"line":133,"column":4},"end":{"line":133,"column":50}},"57":{"start":{"line":134,"column":4},"end":{"line":134,"column":41}},"58":{"start":{"line":136,"column":4},"end":{"line":136,"column":53}},"59":{"start":{"line":127,"column":13},"end":{"line":127,"column":36}},"60":{"start":{"line":140,"column":40},"end":{"line":152,"column":2}},"61":{"start":{"line":140,"column":78},"end":{"line":152,"column":2}},"62":{"start":{"line":141,"column":2},"end":{"line":151,"column":3}},"63":{"start":{"line":142,"column":31},"end":{"line":142,"column":47}},"64":{"start":{"line":143,"column":4},"end":{"line":148,"column":5}},"65":{"start":{"line":144,"column":26},"end":{"line":144,"column":58}},"66":{"start":{"line":145,"column":6},"end":{"line":145,"column":42}},"67":{"start":{"line":147,"column":6},"end":{"line":147,"column":51}},"68":{"start":{"line":150,"column":4},"end":{"line":150,"column":50}},"69":{"start":{"line":140,"column":13},"end":{"line":140,"column":40}},"70":{"start":{"line":154,"column":48},"end":{"line":169,"column":2}},"71":{"start":{"line":157,"column":4},"end":{"line":169,"column":2}},"72":{"start":{"line":158,"column":2},"end":{"line":168,"column":3}},"73":{"start":{"line":159,"column":22},"end":{"line":159,"column":54}},"74":{"start":{"line":160,"column":30},"end":{"line":162,"column":null}},"75":{"start":{"line":164,"column":4},"end":{"line":164,"column":41}},"76":{"start":{"line":166,"column":4},"end":{"line":166,"column":43}},"77":{"start":{"line":167,"column":4},"end":{"line":167,"column":47}},"78":{"start":{"line":154,"column":13},"end":{"line":154,"column":48}},"79":{"start":{"line":171,"column":43},"end":{"line":186,"column":2}},"80":{"start":{"line":174,"column":4},"end":{"line":186,"column":2}},"81":{"start":{"line":175,"column":2},"end":{"line":185,"column":3}},"82":{"start":{"line":176,"column":23},"end":{"line":176,"column":50}},"83":{"start":{"line":177,"column":4},"end":{"line":181,"column":7}},"84":{"start":{"line":183,"column":4},"end":{"line":183,"column":43}},"85":{"start":{"line":184,"column":4},"end":{"line":184,"column":59}},"86":{"start":{"line":171,"column":13},"end":{"line":171,"column":43}}},"fnMap":{"0":{"name":"(anonymous_7)","decl":{"start":{"line":32,"column":36},"end":{"line":32,"column":null}},"loc":{"start":{"line":35,"column":4},"end":{"line":54,"column":2}}},"1":{"name":"(anonymous_8)","decl":{"start":{"line":35,"column":4},"end":{"line":35,"column":null}},"loc":{"start":{"line":35,"column":4},"end":{"line":54,"column":1}}},"2":{"name":"(anonymous_9)","decl":{"start":{"line":62,"column":36},"end":{"line":62,"column":null}},"loc":{"start":{"line":65,"column":19},"end":{"line":87,"column":2}}},"3":{"name":"(anonymous_10)","decl":{"start":{"line":65,"column":19},"end":{"line":65,"column":null}},"loc":{"start":{"line":65,"column":19},"end":{"line":87,"column":1}}},"4":{"name":"(anonymous_11)","decl":{"start":{"line":89,"column":36},"end":{"line":89,"column":null}},"loc":{"start":{"line":92,"column":19},"end":{"line":92,"column":23}}},"5":{"name":"(anonymous_12)","decl":{"start":{"line":92,"column":19},"end":{"line":92,"column":21}},"loc":{"start":{"line":92,"column":19},"end":{"line":92,"column":22}}},"6":{"name":"(anonymous_13)","decl":{"start":{"line":94,"column":40},"end":{"line":94,"column":null}},"loc":{"start":{"line":97,"column":19},"end":{"line":110,"column":2}}},"7":{"name":"(anonymous_14)","decl":{"start":{"line":97,"column":19},"end":{"line":97,"column":null}},"loc":{"start":{"line":97,"column":19},"end":{"line":110,"column":1}}},"8":{"name":"(anonymous_15)","decl":{"start":{"line":112,"column":40},"end":{"line":112,"column":47}},"loc":{"start":{"line":112,"column":78},"end":{"line":125,"column":2}}},"9":{"name":"(anonymous_16)","decl":{"start":{"line":112,"column":78},"end":{"line":112,"column":null}},"loc":{"start":{"line":112,"column":78},"end":{"line":125,"column":1}}},"10":{"name":"(anonymous_17)","decl":{"start":{"line":127,"column":36},"end":{"line":127,"column":null}},"loc":{"start":{"line":130,"column":4},"end":{"line":138,"column":2}}},"11":{"name":"(anonymous_18)","decl":{"start":{"line":130,"column":4},"end":{"line":130,"column":null}},"loc":{"start":{"line":130,"column":4},"end":{"line":138,"column":1}}},"12":{"name":"(anonymous_19)","decl":{"start":{"line":140,"column":40},"end":{"line":140,"column":47}},"loc":{"start":{"line":140,"column":78},"end":{"line":152,"column":2}}},"13":{"name":"(anonymous_20)","decl":{"start":{"line":140,"column":78},"end":{"line":140,"column":null}},"loc":{"start":{"line":140,"column":78},"end":{"line":152,"column":1}}},"14":{"name":"(anonymous_21)","decl":{"start":{"line":154,"column":48},"end":{"line":154,"column":null}},"loc":{"start":{"line":157,"column":4},"end":{"line":169,"column":2}}},"15":{"name":"(anonymous_22)","decl":{"start":{"line":157,"column":4},"end":{"line":157,"column":null}},"loc":{"start":{"line":157,"column":4},"end":{"line":169,"column":1}}},"16":{"name":"(anonymous_23)","decl":{"start":{"line":171,"column":43},"end":{"line":171,"column":null}},"loc":{"start":{"line":174,"column":4},"end":{"line":186,"column":2}}},"17":{"name":"(anonymous_24)","decl":{"start":{"line":174,"column":4},"end":{"line":174,"column":null}},"loc":{"start":{"line":174,"column":4},"end":{"line":186,"column":1}}}},"branchMap":{"0":{"loc":{"start":{"line":42,"column":4},"end":{"line":49,"column":5}},"type":"if","locations":[{"start":{"line":42,"column":4},"end":{"line":49,"column":5}},{"start":{"line":44,"column":11},"end":{"line":49,"column":5}}]},"1":{"loc":{"start":{"line":46,"column":6},"end":{"line":48,"column":7}},"type":"if","locations":[{"start":{"line":46,"column":6},"end":{"line":48,"column":7}}]},"2":{"loc":{"start":{"line":70,"column":4},"end":{"line":81,"column":5}},"type":"if","locations":[{"start":{"line":70,"column":4},"end":{"line":81,"column":5}},{"start":{"line":72,"column":11},"end":{"line":81,"column":5}}]},"3":{"loc":{"start":{"line":103,"column":2},"end":{"line":109,"column":3}},"type":"if","locations":[{"start":{"line":103,"column":2},"end":{"line":109,"column":3}},{"start":{"line":107,"column":9},"end":{"line":109,"column":3}}]},"4":{"loc":{"start":{"line":115,"column":2},"end":{"line":124,"column":3}},"type":"if","locations":[{"start":{"line":115,"column":2},"end":{"line":124,"column":3}},{"start":{"line":118,"column":9},"end":{"line":124,"column":3}}]},"5":{"loc":{"start":{"line":143,"column":4},"end":{"line":148,"column":5}},"type":"if","locations":[{"start":{"line":143,"column":4},"end":{"line":148,"column":5}},{"start":{"line":146,"column":11},"end":{"line":148,"column":5}}]},"6":{"loc":{"start":{"line":143,"column":8},"end":{"line":143,"column":41}},"type":"binary-expr","locations":[{"start":{"line":143,"column":8},"end":{"line":143,"column":23}},{"start":{"line":143,"column":27},"end":{"line":143,"column":41}}]}},"s":{"0":3,"1":3,"2":3,"3":0,"4":0,"5":0,"6":0,"7":0,"8":0,"9":0,"10":0,"11":0,"12":0,"13":0,"14":3,"15":3,"16":0,"17":0,"18":0,"19":0,"20":0,"21":0,"22":0,"23":0,"24":0,"25":0,"26":0,"27":3,"28":3,"29":0,"30":3,"31":3,"32":0,"33":0,"34":0,"35":0,"36":0,"37":0,"38":0,"39":0,"40":3,"41":3,"42":0,"43":0,"44":0,"45":0,"46":0,"47":0,"48":0,"49":0,"50":0,"51":3,"52":3,"53":0,"54":0,"55":0,"56":0,"57":0,"58":0,"59":3,"60":3,"61":0,"62":0,"63":0,"64":0,"65":0,"66":0,"67":0,"68":0,"69":3,"70":3,"71":0,"72":0,"73":0,"74":0,"75":0,"76":0,"77":0,"78":3,"79":3,"80":1,"81":1,"82":1,"83":1,"84":0,"85":0,"86":3},"f":{"0":0,"1":0,"2":0,"3":0,"4":0,"5":0,"6":0,"7":0,"8":0,"9":0,"10":0,"11":0,"12":0,"13":0,"14":0,"15":0,"16":1,"17":1},"b":{"0":[0,0],"1":[0],"2":[0,0],"3":[0,0],"4":[0,0],"5":[0,0],"6":[0,0]}}
,"/home/khadka_angkit/Computer Programming/Web Development/Node.js/Restaurant Api/src/middlewares/reservation.middleware.ts": {"path":"/home/khadka_angkit/Computer Programming/Web Development/Node.js/Restaurant Api/src/middlewares/reservation.middleware.ts","statementMap":{"0":{"start":{"line":1,"column":0},"end":{"line":1,"column":60}},"1":{"start":{"line":4,"column":13},"end":{"line":34,"column":2}},"2":{"start":{"line":27,"column":19},"end":{"line":27,"column":40}},"3":{"start":{"line":28,"column":4},"end":{"line":32,"column":5}},"4":{"start":{"line":29,"column":6},"end":{"line":29,"column":55}},"5":{"start":{"line":31,"column":6},"end":{"line":31,"column":13}},"6":{"start":{"line":36,"column":13},"end":{"line":61,"column":2}},"7":{"start":{"line":54,"column":19},"end":{"line":54,"column":40}},"8":{"start":{"line":55,"column":4},"end":{"line":59,"column":5}},"9":{"start":{"line":56,"column":6},"end":{"line":56,"column":55}},"10":{"start":{"line":58,"column":6},"end":{"line":58,"column":13}},"11":{"start":{"line":63,"column":13},"end":{"line":73,"column":2}},"12":{"start":{"line":66,"column":19},"end":{"line":66,"column":40}},"13":{"start":{"line":67,"column":4},"end":{"line":71,"column":5}},"14":{"start":{"line":68,"column":6},"end":{"line":68,"column":55}},"15":{"start":{"line":70,"column":6},"end":{"line":70,"column":13}},"16":{"start":{"line":75,"column":13},"end":{"line":85,"column":2}},"17":{"start":{"line":78,"column":19},"end":{"line":78,"column":40}},"18":{"start":{"line":79,"column":4},"end":{"line":83,"column":5}},"19":{"start":{"line":80,"column":6},"end":{"line":80,"column":55}},"20":{"start":{"line":82,"column":6},"end":{"line":82,"column":13}}},"fnMap":{"0":{"name":"(anonymous_0)","decl":{"start":{"line":26,"column":2},"end":{"line":26,"column":3}},"loc":{"start":{"line":26,"column":60},"end":{"line":33,"column":3}}},"1":{"name":"(anonymous_1)","decl":{"start":{"line":53,"column":2},"end":{"line":53,"column":3}},"loc":{"start":{"line":53,"column":54},"end":{"line":60,"column":3}}},"2":{"name":"(anonymous_2)","decl":{"start":{"line":65,"column":2},"end":{"line":65,"column":3}},"loc":{"start":{"line":65,"column":54},"end":{"line":72,"column":3}}},"3":{"name":"(anonymous_3)","decl":{"start":{"line":77,"column":2},"end":{"line":77,"column":3}},"loc":{"start":{"line":77,"column":54},"end":{"line":84,"column":3}}}},"branchMap":{"0":{"loc":{"start":{"line":28,"column":4},"end":{"line":32,"column":5}},"type":"if","locations":[{"start":{"line":28,"column":4},"end":{"line":32,"column":5}},{"start":{"line":30,"column":11},"end":{"line":32,"column":5}}]},"1":{"loc":{"start":{"line":55,"column":4},"end":{"line":59,"column":5}},"type":"if","locations":[{"start":{"line":55,"column":4},"end":{"line":59,"column":5}},{"start":{"line":57,"column":11},"end":{"line":59,"column":5}}]},"2":{"loc":{"start":{"line":67,"column":4},"end":{"line":71,"column":5}},"type":"if","locations":[{"start":{"line":67,"column":4},"end":{"line":71,"column":5}},{"start":{"line":69,"column":11},"end":{"line":71,"column":5}}]},"3":{"loc":{"start":{"line":79,"column":4},"end":{"line":83,"column":5}},"type":"if","locations":[{"start":{"line":79,"column":4},"end":{"line":83,"column":5}},{"start":{"line":81,"column":11},"end":{"line":83,"column":5}}]}},"s":{"0":3,"1":3,"2":1,"3":1,"4":0,"5":1,"6":3,"7":1,"8":1,"9":0,"10":1,"11":3,"12":2,"13":2,"14":0,"15":2,"16":3,"17":1,"18":1,"19":1,"20":0},"f":{"0":1,"1":1,"2":2,"3":1},"b":{"0":[0,1],"1":[0,1],"2":[0,2],"3":[1,0]}}
}
