TN:
SF:src/app.ts
FNF:0
FNH:0
DA:1,3
DA:2,3
DA:3,3
DA:4,3
DA:5,3
DA:7,3
DA:10,3
DA:11,3
DA:16,3
DA:19,3
DA:21,3
DA:22,3
DA:26,3
LF:13
LH:13
BRF:0
BRH:0
end_of_record
TN:
SF:src/Routes/reservation.routes.ts
FN:19,(anonymous_0)
FNF:1
FNH:1
FNDA:1,(anonymous_0)
DA:1,3
DA:2,3
DA:8,3
DA:14,3
DA:17,3
DA:19,3
DA:20,1
DA:23,3
DA:30,3
DA:37,3
DA:44,3
DA:51,3
DA:58,3
LF:13
LH:13
BRF:0
BRH:0
end_of_record
TN:
SF:src/Routes/user.routes.ts
FNF:0
FNH:0
DA:1,3
DA:2,3
DA:12,3
DA:21,3
DA:22,3
DA:24,3
DA:26,3
DA:28,3
DA:30,3
DA:37,3
DA:44,3
DA:51,3
DA:58,3
DA:65,3
DA:72,3
DA:73,3
DA:74,3
DA:76,3
DA:78,3
LF:19
LH:19
BRF:0
BRH:0
end_of_record
TN:
SF:src/Utils/jwt.ts
FN:2,signToken
FNF:1
FNH:1
FNDA:3,signToken
DA:1,1
DA:5,3
DA:6,3
DA:7,3
DA:9,1
LF:5
LH:5
BRF:0
BRH:0
end_of_record
TN:
SF:src/controllers/user.controller.ts
FN:32,(anonymous_7)
FN:35,(anonymous_8)
FN:62,(anonymous_9)
FN:65,(anonymous_10)
FN:89,(anonymous_11)
FN:92,(anonymous_12)
FN:94,(anonymous_13)
FN:97,(anonymous_14)
FN:112,(anonymous_15)
FN:112,(anonymous_16)
FN:127,(anonymous_17)
FN:130,(anonymous_18)
FN:140,(anonymous_19)
FN:140,(anonymous_20)
FN:154,(anonymous_21)
FN:157,(anonymous_22)
FN:171,(anonymous_23)
FN:174,(anonymous_24)
FNF:18
FNH:2
FNDA:0,(anonymous_7)
FNDA:0,(anonymous_8)
FNDA:0,(anonymous_9)
FNDA:0,(anonymous_10)
FNDA:0,(anonymous_11)
FNDA:0,(anonymous_12)
FNDA:0,(anonymous_13)
FNDA:0,(anonymous_14)
FNDA:0,(anonymous_15)
FNDA:0,(anonymous_16)
FNDA:0,(anonymous_17)
FNDA:0,(anonymous_18)
FNDA:0,(anonymous_19)
FNDA:0,(anonymous_20)
FNDA:0,(anonymous_21)
FNDA:0,(anonymous_22)
FNDA:1,(anonymous_23)
FNDA:1,(anonymous_24)
DA:1,3
DA:21,3
DA:32,3
DA:35,0
DA:36,0
DA:37,0
DA:39,0
DA:42,0
DA:43,0
DA:45,0
DA:46,0
DA:47,0
DA:51,0
DA:52,0
DA:62,3
DA:65,0
DA:66,0
DA:67,0
DA:69,0
DA:70,0
DA:71,0
DA:73,0
DA:74,0
DA:80,0
DA:84,0
DA:85,0
DA:89,3
DA:92,0
DA:94,3
DA:97,0
DA:99,0
DA:102,0
DA:103,0
DA:104,0
DA:105,0
DA:106,0
DA:108,0
DA:112,3
DA:113,0
DA:114,0
DA:115,0
DA:116,0
DA:117,0
DA:119,0
DA:120,0
DA:123,0
DA:127,3
DA:130,0
DA:131,0
DA:132,0
DA:133,0
DA:134,0
DA:136,0
DA:140,3
DA:141,0
DA:142,0
DA:143,0
DA:144,0
DA:145,0
DA:147,0
DA:150,0
DA:154,3
DA:157,0
DA:158,0
DA:159,0
DA:160,0
DA:164,0
DA:166,0
DA:167,0
DA:171,3
DA:174,1
DA:175,1
DA:176,1
DA:177,1
DA:183,0
DA:184,0
LF:76
LH:15
BRDA:42,0,0,0
BRDA:42,0,1,0
BRDA:46,1,0,0
BRDA:70,2,0,0
BRDA:70,2,1,0
BRDA:103,3,0,0
BRDA:103,3,1,0
BRDA:115,4,0,0
BRDA:115,4,1,0
BRDA:143,5,0,0
BRDA:143,5,1,0
BRDA:143,6,0,0
BRDA:143,6,1,0
BRF:13
BRH:0
end_of_record
TN:
SF:src/middlewares/reservation.middleware.ts
FN:26,(anonymous_0)
FN:53,(anonymous_1)
FN:65,(anonymous_2)
FN:77,(anonymous_3)
FNF:4
FNH:4
FNDA:1,(anonymous_0)
FNDA:1,(anonymous_1)
FNDA:2,(anonymous_2)
FNDA:1,(anonymous_3)
DA:1,3
DA:4,3
DA:27,1
DA:28,1
DA:29,0
DA:31,1
DA:36,3
DA:54,1
DA:55,1
DA:56,0
DA:58,1
DA:63,3
DA:66,2
DA:67,2
DA:68,0
DA:70,2
DA:75,3
DA:78,1
DA:79,1
DA:80,1
DA:82,0
LF:21
LH:17
BRDA:28,0,0,0
BRDA:28,0,1,1
BRDA:55,1,0,0
BRDA:55,1,1,1
BRDA:67,2,0,0
BRDA:67,2,1,2
BRDA:79,3,0,1
BRDA:79,3,1,0
BRF:8
BRH:4
end_of_record
